<?xml version="1.0" encoding="UTF-8"?>
<!-- Generated by org.testng.reporters.JUnitXMLReporter -->
<testsuite hostname="LAPTOP-EUBP25UQ" ignored="0" name="Default test" tests="3" failures="0" timestamp="2023-03-06T08:06:52 IST" time="0.062" errors="0">
  <testcase name="@BeforeTest startApplication" time="-1.678070212192E9" classname="testScripts.FlightsFunctionalityTest">
    <failure type="org.testng.TestNGException" message="
Parameter &amp;apos;myUrl&amp;apos; is required by BeforeTest on method startApplication but has not been marked @Optional or defined
in C:\Users\Akash Kare\AppData\Local\Temp\testng-eclipse--29771439\testng-customsuite.xml">
      <![CDATA[org.testng.TestNGException: 
Parameter 'myUrl' is required by BeforeTest on method startApplication but has not been marked @Optional or defined
in C:\Users\Akash Kare\AppData\Local\Temp\testng-eclipse--29771439\testng-customsuite.xml
at org.testng.internal.Parameters.createParams(Parameters.java:270)
at org.testng.internal.Parameters.createParametersForMethod(Parameters.java:358)
at org.testng.internal.Parameters.createParameters(Parameters.java:700)
at org.testng.internal.Parameters.createConfigurationParameters(Parameters.java:168)
at org.testng.internal.ConfigInvoker.invokeConfigurations(ConfigInvoker.java:302)
at org.testng.TestRunner.invokeTestConfigurations(TestRunner.java:637)
at org.testng.TestRunner.beforeRun(TestRunner.java:627)
at org.testng.TestRunner.run(TestRunner.java:589)
at org.testng.SuiteRunner.runTest(SuiteRunner.java:377)
at org.testng.SuiteRunner.runSequentially(SuiteRunner.java:371)
at org.testng.SuiteRunner.privateRun(SuiteRunner.java:332)
at org.testng.SuiteRunner.run(SuiteRunner.java:276)
at org.testng.SuiteRunnerWorker.runSuite(SuiteRunnerWorker.java:53)
at org.testng.SuiteRunnerWorker.run(SuiteRunnerWorker.java:96)
at org.testng.TestNG.runSuitesSequentially(TestNG.java:1212)
at org.testng.TestNG.runSuitesLocally(TestNG.java:1134)
at org.testng.TestNG.runSuites(TestNG.java:1063)
at org.testng.TestNG.run(TestNG.java:1031)
at org.testng.remote.AbstractRemoteTestNG.run(AbstractRemoteTestNG.java:115)
at org.testng.remote.RemoteTestNG.initAndRun(RemoteTestNG.java:251)
at org.testng.remote.RemoteTestNG.main(RemoteTestNG.java:77)
]]>
    </failure>
  </testcase> <!-- @BeforeTest startApplication -->
  <testcase name="@AfterTest quiteBrowser" time="-1.678070212248E9" classname="testScripts.FlightsFunctionalityTest">
    <skipped/>
  </testcase> <!-- @AfterTest quiteBrowser -->
  <testcase name="verifyDifferentTripOptions" time="0.0" classname="testScripts.FlightsFunctionalityTest">
    <skipped/>
  </testcase> <!-- verifyDifferentTripOptions -->
  <testcase name="verifyDefaultTripSelection" time="0.0" classname="testScripts.FlightsFunctionalityTest">
    <skipped/>
  </testcase> <!-- verifyDefaultTripSelection -->
  <testcase name="serachFlights" time="0.0" classname="testScripts.FlightsFunctionalityTest">
    <skipped/>
  </testcase> <!-- serachFlights -->
</testsuite> <!-- Default test -->
